c:\users\speci\desktop\준포트폴리오\skul\c++\portfolio\x64\debug\windowapi.pch
c:\users\speci\desktop\준포트폴리오\skul\c++\portfolio\x64\debug\vc142.pdb
c:\users\speci\desktop\준포트폴리오\skul\c++\portfolio\x64\debug\vc142.idb
c:\users\speci\desktop\준포트폴리오\skul\c++\portfolio\x64\debug\stdafx.obj
c:\users\speci\desktop\준포트폴리오\skul\c++\portfolio\x64\debug\winmain.obj
c:\users\speci\desktop\준포트폴리오\skul\c++\portfolio\x64\debug\utils.obj
c:\users\speci\desktop\준포트폴리오\skul\c++\portfolio\x64\debug\txtdata.obj
c:\users\speci\desktop\준포트폴리오\skul\c++\portfolio\x64\debug\timer.obj
c:\users\speci\desktop\준포트폴리오\skul\c++\portfolio\x64\debug\timemanager.obj
c:\users\speci\desktop\준포트폴리오\skul\c++\portfolio\x64\debug\scenemanager.obj
c:\users\speci\desktop\준포트폴리오\skul\c++\portfolio\x64\debug\progressbar.obj
c:\users\speci\desktop\준포트폴리오\skul\c++\portfolio\x64\debug\playground.obj
c:\users\speci\desktop\준포트폴리오\skul\c++\portfolio\x64\debug\keymanager.obj
c:\users\speci\desktop\준포트폴리오\skul\c++\portfolio\x64\debug\imagemanager.obj
c:\users\speci\desktop\준포트폴리오\skul\c++\portfolio\x64\debug\image.obj
c:\users\speci\desktop\준포트폴리오\skul\c++\portfolio\x64\debug\gamenode.obj
c:\users\speci\desktop\준포트폴리오\skul\c++\portfolio\x64\debug\effectmanager.obj
c:\users\speci\desktop\준포트폴리오\skul\c++\portfolio\x64\debug\effect.obj
c:\users\speci\desktop\준포트폴리오\skul\c++\portfolio\x64\debug\animation.obj
c:\users\speci\desktop\준포트폴리오\skul\c++\portfolio\x64\debug\pixelcollision.obj
c:\users\speci\desktop\준포트폴리오\skul\c++\portfolio\x64\debug\playermanager.obj
c:\users\speci\desktop\준포트폴리오\skul\c++\portfolio\x64\debug\player.obj
c:\users\speci\desktop\준포트폴리오\skul\c++\portfolio\x64\debug\monstermanager.obj
c:\users\speci\desktop\준포트폴리오\skul\c++\portfolio\x64\debug\monster.obj
c:\users\speci\desktop\준포트폴리오\skul\c++\portfolio\x64\debug\stagemanager.obj
c:\users\speci\desktop\준포트폴리오\skul\c++\portfolio\x64\debug\stage.obj
c:\users\speci\desktop\준포트폴리오\skul\c++\portfolio\x64\debug\windowapi.exe
c:\users\speci\desktop\준포트폴리오\skul\c++\portfolio\x64\debug\windowapi.ilk
c:\users\speci\desktop\준포트폴리오\skul\c++\portfolio\x64\debug\windowapi.pdb
c:\users\speci\desktop\준포트폴리오\skul\c++\portfolio\x64\debug\windowapi.res
c:\users\speci\desktop\준포트폴리오\skul\c++\portfolio\x64\debug\windowapi.tlog\cl.command.1.tlog
c:\users\speci\desktop\준포트폴리오\skul\c++\portfolio\x64\debug\windowapi.tlog\cl.read.1.tlog
c:\users\speci\desktop\준포트폴리오\skul\c++\portfolio\x64\debug\windowapi.tlog\cl.write.1.tlog
c:\users\speci\desktop\준포트폴리오\skul\c++\portfolio\x64\debug\windowapi.tlog\link.command.1.tlog
c:\users\speci\desktop\준포트폴리오\skul\c++\portfolio\x64\debug\windowapi.tlog\link.read.1.tlog
c:\users\speci\desktop\준포트폴리오\skul\c++\portfolio\x64\debug\windowapi.tlog\link.write.1.tlog
c:\users\speci\desktop\준포트폴리오\skul\c++\portfolio\x64\debug\windowapi.tlog\rc.command.1.tlog
c:\users\speci\desktop\준포트폴리오\skul\c++\portfolio\x64\debug\windowapi.tlog\rc.read.1.tlog
c:\users\speci\desktop\준포트폴리오\skul\c++\portfolio\x64\debug\windowapi.tlog\rc.write.1.tlog
